#! /c/Source/iverilog-install/bin/vvp
:ivl_version "12.0 (devel)" "(s20150603-1539-g2693dd32b)";
:ivl_delay_selection "TYPICAL";
:vpi_time_precision - 12;
:vpi_module "C:\iverilog\lib\ivl\system.vpi";
:vpi_module "C:\iverilog\lib\ivl\vhdl_sys.vpi";
:vpi_module "C:\iverilog\lib\ivl\vhdl_textio.vpi";
:vpi_module "C:\iverilog\lib\ivl\v2005_math.vpi";
:vpi_module "C:\iverilog\lib\ivl\va_math.vpi";
S_000001d15356bdb0 .scope module, "tb_neural_core" "tb_neural_core" 2 2;
 .timescale -9 -12;
v000001d1535b3700_0 .var "clk", 0 0;
v000001d1535b37a0_0 .var "mask", 7 0;
v000001d1535b38e0_0 .net "pixel_out", 7 0, v000001d1535b2e40_0;  1 drivers
v000001d1535b3980_0 .var "pixel_t", 7 0;
v000001d15360efb0_0 .var "pixel_t1", 7 0;
v000001d15360e510_0 .var "rst_n", 0 0;
E_000001d1535a7940 .event posedge, v000001d1535b2bc0_0;
S_000001d15356e8a0 .scope module, "u_neural_core" "neural_core" 2 9, 3 1 0, S_000001d15356bdb0;
 .timescale 0 0;
    .port_info 0 /INPUT 1 "clk";
    .port_info 1 /INPUT 1 "rst_n";
    .port_info 2 /INPUT 8 "pixel_t";
    .port_info 3 /INPUT 8 "pixel_t1";
    .port_info 4 /INPUT 8 "mask";
    .port_info 5 /OUTPUT 8 "pixel_out";
L_000001d153610078 .functor BUFT 1, C4<11111111>, C4<0>, C4<0>, C4<0>;
v000001d15356bf40_0 .net/2u *"_ivl_0", 7 0, L_000001d153610078;  1 drivers
L_000001d153610108 .functor BUFT 1, C4<00000000>, C4<0>, C4<0>, C4<0>;
v000001d153566de0_0 .net *"_ivl_11", 7 0, L_000001d153610108;  1 drivers
v000001d153567000_0 .net *"_ivl_14", 15 0, L_000001d15360ef10;  1 drivers
L_000001d153610150 .functor BUFT 1, C4<00000000>, C4<0>, C4<0>, C4<0>;
v000001d153566b60_0 .net *"_ivl_17", 7 0, L_000001d153610150;  1 drivers
v000001d1535b2c60_0 .net *"_ivl_18", 15 0, L_000001d15360e3d0;  1 drivers
L_000001d153610198 .functor BUFT 1, C4<00000000>, C4<0>, C4<0>, C4<0>;
v000001d1535b2d00_0 .net *"_ivl_21", 7 0, L_000001d153610198;  1 drivers
L_000001d1536101e0 .functor BUFT 1, C4<0000000010000000>, C4<0>, C4<0>, C4<0>;
v000001d1535b2f80_0 .net/2u *"_ivl_26", 15 0, L_000001d1536101e0;  1 drivers
v000001d1535b30c0_0 .net *"_ivl_30", 15 0, L_000001d15360eab0;  1 drivers
v000001d1535b2a80_0 .net *"_ivl_32", 7 0, L_000001d15360f050;  1 drivers
L_000001d153610228 .functor BUFT 1, C4<00000000>, C4<0>, C4<0>, C4<0>;
v000001d1535b3020_0 .net *"_ivl_34", 7 0, L_000001d153610228;  1 drivers
v000001d1535b3340_0 .net *"_ivl_4", 15 0, L_000001d15360e470;  1 drivers
L_000001d1536100c0 .functor BUFT 1, C4<00000000>, C4<0>, C4<0>, C4<0>;
v000001d1535b2da0_0 .net *"_ivl_7", 7 0, L_000001d1536100c0;  1 drivers
v000001d1535b35c0_0 .net *"_ivl_8", 15 0, L_000001d15360f190;  1 drivers
v000001d1535b2bc0_0 .net "clk", 0 0, v000001d1535b3700_0;  1 drivers
v000001d1535b33e0_0 .net "inv_mask", 7 0, L_000001d15360eb50;  1 drivers
v000001d1535b3840_0 .net "mask", 7 0, v000001d1535b37a0_0;  1 drivers
v000001d1535b2e40_0 .var "pixel_out", 7 0;
v000001d1535b3480_0 .net "pixel_t", 7 0, v000001d1535b3980_0;  1 drivers
v000001d1535b2ee0_0 .net "pixel_t1", 7 0, v000001d15360efb0_0;  1 drivers
v000001d1535b2b20_0 .net "rst_n", 0 0, v000001d15360e510_0;  1 drivers
v000001d1535b3160_0 .net "sum", 15 0, L_000001d15360ff50;  1 drivers
v000001d1535b3520_0 .net "sum_adjusted", 15 0, L_000001d15360e5b0;  1 drivers
v000001d1535b3200_0 .net "sum_rounded", 15 0, L_000001d15360f2d0;  1 drivers
v000001d1535b32a0_0 .net "term_a", 15 0, L_000001d15360e1f0;  1 drivers
v000001d1535b3660_0 .net "term_b", 15 0, L_000001d15360e6f0;  1 drivers
E_000001d1535a7580/0 .event negedge, v000001d1535b2b20_0;
E_000001d1535a7580/1 .event posedge, v000001d1535b2bc0_0;
E_000001d1535a7580 .event/or E_000001d1535a7580/0, E_000001d1535a7580/1;
L_000001d15360eb50 .arith/sub 8, L_000001d153610078, v000001d1535b37a0_0;
L_000001d15360e470 .concat [ 8 8 0 0], v000001d1535b3980_0, L_000001d1536100c0;
L_000001d15360f190 .concat [ 8 8 0 0], v000001d1535b37a0_0, L_000001d153610108;
L_000001d15360e1f0 .arith/mult 16, L_000001d15360e470, L_000001d15360f190;
L_000001d15360ef10 .concat [ 8 8 0 0], v000001d15360efb0_0, L_000001d153610150;
L_000001d15360e3d0 .concat [ 8 8 0 0], L_000001d15360eb50, L_000001d153610198;
L_000001d15360e6f0 .arith/mult 16, L_000001d15360ef10, L_000001d15360e3d0;
L_000001d15360ff50 .arith/sum 16, L_000001d15360e1f0, L_000001d15360e6f0;
L_000001d15360f2d0 .arith/sum 16, L_000001d15360ff50, L_000001d1536101e0;
L_000001d15360f050 .part L_000001d15360f2d0, 8, 8;
L_000001d15360eab0 .concat [ 8 8 0 0], L_000001d15360f050, L_000001d153610228;
L_000001d15360e5b0 .arith/sum 16, L_000001d15360f2d0, L_000001d15360eab0;
    .scope S_000001d15356e8a0;
T_0 ;
    %wait E_000001d1535a7580;
    %load/vec4 v000001d1535b2b20_0;
    %nor/r;
    %flag_set/vec4 8;
    %jmp/0xz  T_0.0, 8;
    %pushi/vec4 0, 0, 8;
    %assign/vec4 v000001d1535b2e40_0, 0;
    %jmp T_0.1;
T_0.0 ;
    %load/vec4 v000001d1535b3520_0;
    %parti/s 8, 8, 5;
    %assign/vec4 v000001d1535b2e40_0, 0;
T_0.1 ;
    %jmp T_0;
    .thread T_0;
    .scope S_000001d15356bdb0;
T_1 ;
    %delay 10000, 0;
    %load/vec4 v000001d1535b3700_0;
    %inv;
    %store/vec4 v000001d1535b3700_0, 0, 1;
    %jmp T_1;
    .thread T_1;
    .scope S_000001d15356bdb0;
T_2 ;
    %vpi_call 2 15 "$dumpfile", "neural_nexus.vcd" {0 0 0};
    %vpi_call 2 16 "$dumpvars", 32'sb00000000000000000000000000000000, S_000001d15356bdb0 {0 0 0};
    %vpi_call 2 17 "$display", "Time | P_t | P_t1 | Mask | Out | Expected" {0 0 0};
    %vpi_call 2 18 "$display", "----------------------------------------------" {0 0 0};
    %pushi/vec4 0, 0, 1;
    %store/vec4 v000001d1535b3700_0, 0, 1;
    %pushi/vec4 0, 0, 1;
    %store/vec4 v000001d15360e510_0, 0, 1;
    %pushi/vec4 0, 0, 8;
    %store/vec4 v000001d1535b3980_0, 0, 8;
    %pushi/vec4 0, 0, 8;
    %store/vec4 v000001d15360efb0_0, 0, 8;
    %pushi/vec4 0, 0, 8;
    %store/vec4 v000001d1535b37a0_0, 0, 8;
    %delay 20000, 0;
    %pushi/vec4 1, 0, 1;
    %store/vec4 v000001d15360e510_0, 0, 1;
    %delay 20000, 0;
    %pushi/vec4 100, 0, 8;
    %store/vec4 v000001d1535b3980_0, 0, 8;
    %pushi/vec4 200, 0, 8;
    %store/vec4 v000001d15360efb0_0, 0, 8;
    %pushi/vec4 0, 0, 8;
    %store/vec4 v000001d1535b37a0_0, 0, 8;
    %delay 20000, 0;
    %pushi/vec4 100, 0, 8;
    %store/vec4 v000001d1535b3980_0, 0, 8;
    %pushi/vec4 200, 0, 8;
    %store/vec4 v000001d15360efb0_0, 0, 8;
    %pushi/vec4 255, 0, 8;
    %store/vec4 v000001d1535b37a0_0, 0, 8;
    %delay 20000, 0;
    %pushi/vec4 100, 0, 8;
    %store/vec4 v000001d1535b3980_0, 0, 8;
    %pushi/vec4 200, 0, 8;
    %store/vec4 v000001d15360efb0_0, 0, 8;
    %pushi/vec4 128, 0, 8;
    %store/vec4 v000001d1535b37a0_0, 0, 8;
    %delay 50000, 0;
    %vpi_call 2 27 "$finish" {0 0 0};
    %end;
    .thread T_2;
    .scope S_000001d15356bdb0;
T_3 ;
    %wait E_000001d1535a7940;
    %load/vec4 v000001d15360e510_0;
    %flag_set/vec4 8;
    %jmp/0xz  T_3.0, 8;
    %delay 1000, 0;
    %vpi_call 2 30 "$display", "%4t | %3d | %3d  | %3d  | %3d | (Check Logic)", $time, v000001d1535b3980_0, v000001d15360efb0_0, v000001d1535b37a0_0, v000001d1535b38e0_0 {0 0 0};
T_3.0 ;
    %jmp T_3;
    .thread T_3;
# The file index is used to find the file name in the following table.
:file_names 4;
    "N/A";
    "<interactive>";
    ".\Neural-Nexus\tb\tb_neural_core.v";
    ".\Neural-Nexus\rtl\neural_core.v";
