#! /c/Source/iverilog-install/bin/vvp
:ivl_version "12.0 (devel)" "(s20150603-1539-g2693dd32b)";
:ivl_delay_selection "TYPICAL";
:vpi_time_precision - 12;
:vpi_module "C:\iverilog\lib\ivl\system.vpi";
:vpi_module "C:\iverilog\lib\ivl\vhdl_sys.vpi";
:vpi_module "C:\iverilog\lib\ivl\vhdl_textio.vpi";
:vpi_module "C:\iverilog\lib\ivl\v2005_math.vpi";
:vpi_module "C:\iverilog\lib\ivl\va_math.vpi";
S_000002192eca6200 .scope module, "tb_neural_simd" "tb_neural_simd" 2 2;
 .timescale -9 -12;
v000002192ed03680_0 .var "clk", 0 0;
v000002192ed041c0_0 .var "mode", 1 0;
v000002192ed03e00_0 .var "param", 31 0;
v000002192ed050c0_0 .net "rd", 31 0, L_000002192ed1a5b0;  1 drivers
v000002192ed04580_0 .var "rs1", 31 0;
v000002192ed03c20_0 .var "rs2", 31 0;
v000002192ed03ae0_0 .var "rst_n", 0 0;
E_000002192eca9650 .event posedge, v000002192eca4d80_0;
S_000002192eca77d0 .scope module, "u_simd" "neural_simd" 2 7, 3 1 0, S_000002192eca6200;
 .timescale 0 0;
    .port_info 0 /INPUT 1 "clk";
    .port_info 1 /INPUT 1 "rst_n";
    .port_info 2 /INPUT 2 "mode";
    .port_info 3 /INPUT 32 "rs1";
    .port_info 4 /INPUT 32 "rs2";
    .port_info 5 /INPUT 32 "param";
    .port_info 6 /OUTPUT 32 "rd";
v000002192ed03fe0_0 .net "clk", 0 0, v000002192ed03680_0;  1 drivers
v000002192ed035e0_0 .net "mode", 1 0, v000002192ed041c0_0;  1 drivers
v000002192ed04c60_0 .net "param", 31 0, v000002192ed03e00_0;  1 drivers
v000002192ed048a0_0 .net "rd", 31 0, L_000002192ed1a5b0;  alias, 1 drivers
v000002192ed04f80_0 .net "rs1", 31 0, v000002192ed04580_0;  1 drivers
v000002192ed03860_0 .net "rs2", 31 0, v000002192ed03c20_0;  1 drivers
v000002192ed052a0_0 .net "rst_n", 0 0, v000002192ed03ae0_0;  1 drivers
L_000002192ed049e0 .part v000002192ed04580_0, 0, 8;
L_000002192ed039a0 .part v000002192ed03c20_0, 0, 8;
L_000002192ed04a80 .part v000002192ed03e00_0, 0, 8;
L_000002192ed18580 .part v000002192ed04580_0, 8, 8;
L_000002192ed16f00 .part v000002192ed03c20_0, 8, 8;
L_000002192ed16c80 .part v000002192ed03e00_0, 8, 8;
L_000002192ed16a00 .part v000002192ed04580_0, 16, 8;
L_000002192ed17720 .part v000002192ed03c20_0, 16, 8;
L_000002192ed16dc0 .part v000002192ed03e00_0, 16, 8;
L_000002192ed1af10 .part v000002192ed04580_0, 24, 8;
L_000002192ed1ab50 .part v000002192ed03c20_0, 24, 8;
L_000002192ed1a1f0 .part v000002192ed03e00_0, 24, 8;
L_000002192ed1a5b0 .concat8 [ 8 8 8 8], v000002192eca5500_0, v000002192ecff3e0_0, v000002192ed01960_0, v000002192ed05200_0;
S_000002192ec80f80 .scope module, "core0" "neural_core" 3 11, 4 1 0, S_000002192eca77d0;
 .timescale 0 0;
    .port_info 0 /INPUT 1 "clk";
    .port_info 1 /INPUT 1 "rst_n";
    .port_info 2 /INPUT 2 "mode";
    .port_info 3 /INPUT 8 "pixel_t";
    .port_info 4 /INPUT 8 "pixel_t1";
    .port_info 5 /INPUT 8 "param";
    .port_info 6 /OUTPUT 8 "pixel_out";
L_000002192f070088 .functor BUFT 1, C4<11111111>, C4<0>, C4<0>, C4<0>;
v000002192eca5000_0 .net/2u *"_ivl_0", 7 0, L_000002192f070088;  1 drivers
L_000002192f070118 .functor BUFT 1, C4<00000000>, C4<0>, C4<0>, C4<0>;
v000002192eca53c0_0 .net *"_ivl_11", 7 0, L_000002192f070118;  1 drivers
v000002192eca3ca0_0 .net *"_ivl_14", 15 0, L_000002192ed04440;  1 drivers
L_000002192f070160 .functor BUFT 1, C4<00000000>, C4<0>, C4<0>, C4<0>;
v000002192eca41a0_0 .net *"_ivl_17", 7 0, L_000002192f070160;  1 drivers
v000002192eca3ac0_0 .net *"_ivl_18", 15 0, L_000002192ed03ea0;  1 drivers
L_000002192f0701a8 .functor BUFT 1, C4<00000000>, C4<0>, C4<0>, C4<0>;
v000002192eca56e0_0 .net *"_ivl_21", 7 0, L_000002192f0701a8;  1 drivers
L_000002192f0701f0 .functor BUFT 1, C4<0000000010000000>, C4<0>, C4<0>, C4<0>;
v000002192eca50a0_0 .net/2u *"_ivl_26", 15 0, L_000002192f0701f0;  1 drivers
v000002192eca4c40_0 .net *"_ivl_30", 15 0, L_000002192ed03f40;  1 drivers
v000002192eca3d40_0 .net *"_ivl_32", 7 0, L_000002192ed044e0;  1 drivers
L_000002192f070238 .functor BUFT 1, C4<00000000>, C4<0>, C4<0>, C4<0>;
v000002192eca4ba0_0 .net *"_ivl_34", 7 0, L_000002192f070238;  1 drivers
v000002192eca4e20_0 .net *"_ivl_36", 15 0, L_000002192ed05160;  1 drivers
v000002192eca4b00_0 .net *"_ivl_4", 15 0, L_000002192ed05020;  1 drivers
v000002192eca4100_0 .net *"_ivl_40", 7 0, L_000002192ed04620;  1 drivers
L_000002192f070280 .functor BUFT 1, C4<00000000>, C4<0>, C4<0>, C4<0>;
v000002192eca4ce0_0 .net *"_ivl_42", 7 0, L_000002192f070280;  1 drivers
L_000002192f0702c8 .functor BUFT 1, C4<11111111>, C4<0>, C4<0>, C4<0>;
v000002192eca5640_0 .net/2u *"_ivl_44", 7 0, L_000002192f0702c8;  1 drivers
v000002192eca5140_0 .net *"_ivl_48", 8 0, L_000002192ed05340;  1 drivers
L_000002192f070310 .functor BUFT 1, C4<0>, C4<0>, C4<0>, C4<0>;
v000002192eca4060_0 .net *"_ivl_51", 0 0, L_000002192f070310;  1 drivers
v000002192eca3b60_0 .net *"_ivl_52", 8 0, L_000002192ed03a40;  1 drivers
L_000002192f070358 .functor BUFT 1, C4<0>, C4<0>, C4<0>, C4<0>;
v000002192eca51e0_0 .net *"_ivl_55", 0 0, L_000002192f070358;  1 drivers
v000002192eca5280_0 .net *"_ivl_59", 0 0, L_000002192ed043a0;  1 drivers
L_000002192f0703a0 .functor BUFT 1, C4<11111111>, C4<0>, C4<0>, C4<0>;
v000002192eca4240_0 .net/2u *"_ivl_60", 7 0, L_000002192f0703a0;  1 drivers
v000002192eca47e0_0 .net *"_ivl_63", 7 0, L_000002192ed046c0;  1 drivers
L_000002192f0700d0 .functor BUFT 1, C4<00000000>, C4<0>, C4<0>, C4<0>;
v000002192eca5820_0 .net *"_ivl_7", 7 0, L_000002192f0700d0;  1 drivers
v000002192eca42e0_0 .net *"_ivl_8", 15 0, L_000002192ed053e0;  1 drivers
v000002192eca3e80_0 .net "blend_res", 15 0, L_000002192ed037c0;  1 drivers
v000002192eca3980_0 .net "bright_res", 7 0, L_000002192ed04800;  1 drivers
v000002192eca3f20_0 .net "bright_sum", 8 0, L_000002192ed04260;  1 drivers
v000002192eca4d80_0 .net "clk", 0 0, v000002192ed03680_0;  alias, 1 drivers
v000002192eca5780_0 .net "inv_mask", 7 0, L_000002192ed04b20;  1 drivers
v000002192eca5460_0 .net "invert_res", 7 0, L_000002192ed03900;  1 drivers
v000002192eca4380_0 .net "mode", 1 0, v000002192ed041c0_0;  alias, 1 drivers
v000002192eca3c00_0 .net "param", 7 0, L_000002192ed04a80;  1 drivers
v000002192eca5500_0 .var "pixel_out", 7 0;
v000002192eca55a0_0 .net "pixel_t", 7 0, L_000002192ed049e0;  1 drivers
v000002192eca4420_0 .net "pixel_t1", 7 0, L_000002192ed039a0;  1 drivers
v000002192eca4880_0 .net "rst_n", 0 0, v000002192ed03ae0_0;  alias, 1 drivers
v000002192eca44c0_0 .net "sum_blend", 15 0, L_000002192ed04bc0;  1 drivers
v000002192eca3a20_0 .net "sum_rounded", 15 0, L_000002192ed03720;  1 drivers
v000002192eca3fc0_0 .net "term_a", 15 0, L_000002192ed03540;  1 drivers
v000002192eca4560_0 .net "term_b", 15 0, L_000002192ed04760;  1 drivers
E_000002192eca94d0/0 .event negedge, v000002192eca4880_0;
E_000002192eca94d0/1 .event posedge, v000002192eca4d80_0;
E_000002192eca94d0 .event/or E_000002192eca94d0/0, E_000002192eca94d0/1;
L_000002192ed04b20 .arith/sub 8, L_000002192f070088, L_000002192ed04a80;
L_000002192ed05020 .concat [ 8 8 0 0], L_000002192ed049e0, L_000002192f0700d0;
L_000002192ed053e0 .concat [ 8 8 0 0], L_000002192ed04a80, L_000002192f070118;
L_000002192ed03540 .arith/mult 16, L_000002192ed05020, L_000002192ed053e0;
L_000002192ed04440 .concat [ 8 8 0 0], L_000002192ed039a0, L_000002192f070160;
L_000002192ed03ea0 .concat [ 8 8 0 0], L_000002192ed04b20, L_000002192f0701a8;
L_000002192ed04760 .arith/mult 16, L_000002192ed04440, L_000002192ed03ea0;
L_000002192ed04bc0 .arith/sum 16, L_000002192ed03540, L_000002192ed04760;
L_000002192ed03720 .arith/sum 16, L_000002192ed04bc0, L_000002192f0701f0;
L_000002192ed044e0 .part L_000002192ed03720, 8, 8;
L_000002192ed03f40 .concat [ 8 8 0 0], L_000002192ed044e0, L_000002192f070238;
L_000002192ed05160 .arith/sum 16, L_000002192ed03720, L_000002192ed03f40;
L_000002192ed04620 .part L_000002192ed05160, 8, 8;
L_000002192ed037c0 .concat [ 8 8 0 0], L_000002192ed04620, L_000002192f070280;
L_000002192ed03900 .arith/sub 8, L_000002192f0702c8, L_000002192ed049e0;
L_000002192ed05340 .concat [ 8 1 0 0], L_000002192ed049e0, L_000002192f070310;
L_000002192ed03a40 .concat [ 8 1 0 0], L_000002192ed04a80, L_000002192f070358;
L_000002192ed04260 .arith/sum 9, L_000002192ed05340, L_000002192ed03a40;
L_000002192ed043a0 .part L_000002192ed04260, 8, 1;
L_000002192ed046c0 .part L_000002192ed04260, 0, 8;
L_000002192ed04800 .functor MUXZ 8, L_000002192ed046c0, L_000002192f0703a0, L_000002192ed043a0, C4<>;
S_000002192e9b6760 .scope module, "core1" "neural_core" 3 13, 4 1 0, S_000002192eca77d0;
 .timescale 0 0;
    .port_info 0 /INPUT 1 "clk";
    .port_info 1 /INPUT 1 "rst_n";
    .port_info 2 /INPUT 2 "mode";
    .port_info 3 /INPUT 8 "pixel_t";
    .port_info 4 /INPUT 8 "pixel_t1";
    .port_info 5 /INPUT 8 "param";
    .port_info 6 /OUTPUT 8 "pixel_out";
L_000002192f0703e8 .functor BUFT 1, C4<11111111>, C4<0>, C4<0>, C4<0>;
v000002192eca4600_0 .net/2u *"_ivl_0", 7 0, L_000002192f0703e8;  1 drivers
L_000002192f070478 .functor BUFT 1, C4<00000000>, C4<0>, C4<0>, C4<0>;
v000002192eca46a0_0 .net *"_ivl_11", 7 0, L_000002192f070478;  1 drivers
v000002192eca4920_0 .net *"_ivl_14", 15 0, L_000002192ed17540;  1 drivers
L_000002192f0704c0 .functor BUFT 1, C4<00000000>, C4<0>, C4<0>, C4<0>;
v000002192eca49c0_0 .net *"_ivl_17", 7 0, L_000002192f0704c0;  1 drivers
v000002192ec92e60_0 .net *"_ivl_18", 15 0, L_000002192ed17860;  1 drivers
L_000002192f070508 .functor BUFT 1, C4<00000000>, C4<0>, C4<0>, C4<0>;
v000002192ec91920_0 .net *"_ivl_21", 7 0, L_000002192f070508;  1 drivers
L_000002192f070550 .functor BUFT 1, C4<0000000010000000>, C4<0>, C4<0>, C4<0>;
v000002192ec92be0_0 .net/2u *"_ivl_26", 15 0, L_000002192f070550;  1 drivers
v000002192ec919c0_0 .net *"_ivl_30", 15 0, L_000002192ed18620;  1 drivers
v000002192ec920a0_0 .net *"_ivl_32", 7 0, L_000002192ed17e00;  1 drivers
L_000002192f070598 .functor BUFT 1, C4<00000000>, C4<0>, C4<0>, C4<0>;
v000002192ec92280_0 .net *"_ivl_34", 7 0, L_000002192f070598;  1 drivers
v000002192ec87b70_0 .net *"_ivl_36", 15 0, L_000002192ed174a0;  1 drivers
v000002192ecff980_0 .net *"_ivl_4", 15 0, L_000002192ed04da0;  1 drivers
v000002192ecff200_0 .net *"_ivl_40", 7 0, L_000002192ed18080;  1 drivers
L_000002192f0705e0 .functor BUFT 1, C4<00000000>, C4<0>, C4<0>, C4<0>;
v000002192ecfe3a0_0 .net *"_ivl_42", 7 0, L_000002192f0705e0;  1 drivers
L_000002192f070628 .functor BUFT 1, C4<11111111>, C4<0>, C4<0>, C4<0>;
v000002192ecff2a0_0 .net/2u *"_ivl_44", 7 0, L_000002192f070628;  1 drivers
v000002192ecff840_0 .net *"_ivl_48", 8 0, L_000002192ed179a0;  1 drivers
L_000002192f070670 .functor BUFT 1, C4<0>, C4<0>, C4<0>, C4<0>;
v000002192ecffe80_0 .net *"_ivl_51", 0 0, L_000002192f070670;  1 drivers
v000002192ecfe440_0 .net *"_ivl_52", 8 0, L_000002192ed17680;  1 drivers
L_000002192f0706b8 .functor BUFT 1, C4<0>, C4<0>, C4<0>, C4<0>;
v000002192ecfec60_0 .net *"_ivl_55", 0 0, L_000002192f0706b8;  1 drivers
v000002192ecff8e0_0 .net *"_ivl_59", 0 0, L_000002192ed17f40;  1 drivers
L_000002192f070700 .functor BUFT 1, C4<11111111>, C4<0>, C4<0>, C4<0>;
v000002192ecfe760_0 .net/2u *"_ivl_60", 7 0, L_000002192f070700;  1 drivers
v000002192ecffc00_0 .net *"_ivl_63", 7 0, L_000002192ed18300;  1 drivers
L_000002192f070430 .functor BUFT 1, C4<00000000>, C4<0>, C4<0>, C4<0>;
v000002192ed001a0_0 .net *"_ivl_7", 7 0, L_000002192f070430;  1 drivers
v000002192ecffca0_0 .net *"_ivl_8", 15 0, L_000002192ed04e40;  1 drivers
v000002192ecfee40_0 .net "blend_res", 15 0, L_000002192ed16be0;  1 drivers
v000002192ecfffc0_0 .net "bright_res", 7 0, L_000002192ed17c20;  1 drivers
v000002192ecfe8a0_0 .net "bright_sum", 8 0, L_000002192ed17220;  1 drivers
v000002192ecff0c0_0 .net "clk", 0 0, v000002192ed03680_0;  alias, 1 drivers
v000002192ecffde0_0 .net "inv_mask", 7 0, L_000002192ed04d00;  1 drivers
v000002192ecff340_0 .net "invert_res", 7 0, L_000002192ed17ea0;  1 drivers
v000002192ed00060_0 .net "mode", 1 0, v000002192ed041c0_0;  alias, 1 drivers
v000002192ecfff20_0 .net "param", 7 0, L_000002192ed16c80;  1 drivers
v000002192ecff3e0_0 .var "pixel_out", 7 0;
v000002192ecfe620_0 .net "pixel_t", 7 0, L_000002192ed18580;  1 drivers
v000002192ed00100_0 .net "pixel_t1", 7 0, L_000002192ed16f00;  1 drivers
v000002192ecfea80_0 .net "rst_n", 0 0, v000002192ed03ae0_0;  alias, 1 drivers
v000002192ecff5c0_0 .net "sum_blend", 15 0, L_000002192ed16aa0;  1 drivers
v000002192ecfe300_0 .net "sum_rounded", 15 0, L_000002192ed16b40;  1 drivers
v000002192ecfeee0_0 .net "term_a", 15 0, L_000002192ed17360;  1 drivers
v000002192ecfe9e0_0 .net "term_b", 15 0, L_000002192ed175e0;  1 drivers
L_000002192ed04d00 .arith/sub 8, L_000002192f0703e8, L_000002192ed16c80;
L_000002192ed04da0 .concat [ 8 8 0 0], L_000002192ed18580, L_000002192f070430;
L_000002192ed04e40 .concat [ 8 8 0 0], L_000002192ed16c80, L_000002192f070478;
L_000002192ed17360 .arith/mult 16, L_000002192ed04da0, L_000002192ed04e40;
L_000002192ed17540 .concat [ 8 8 0 0], L_000002192ed16f00, L_000002192f0704c0;
L_000002192ed17860 .concat [ 8 8 0 0], L_000002192ed04d00, L_000002192f070508;
L_000002192ed175e0 .arith/mult 16, L_000002192ed17540, L_000002192ed17860;
L_000002192ed16aa0 .arith/sum 16, L_000002192ed17360, L_000002192ed175e0;
L_000002192ed16b40 .arith/sum 16, L_000002192ed16aa0, L_000002192f070550;
L_000002192ed17e00 .part L_000002192ed16b40, 8, 8;
L_000002192ed18620 .concat [ 8 8 0 0], L_000002192ed17e00, L_000002192f070598;
L_000002192ed174a0 .arith/sum 16, L_000002192ed16b40, L_000002192ed18620;
L_000002192ed18080 .part L_000002192ed174a0, 8, 8;
L_000002192ed16be0 .concat [ 8 8 0 0], L_000002192ed18080, L_000002192f0705e0;
L_000002192ed17ea0 .arith/sub 8, L_000002192f070628, L_000002192ed18580;
L_000002192ed179a0 .concat [ 8 1 0 0], L_000002192ed18580, L_000002192f070670;
L_000002192ed17680 .concat [ 8 1 0 0], L_000002192ed16c80, L_000002192f0706b8;
L_000002192ed17220 .arith/sum 9, L_000002192ed179a0, L_000002192ed17680;
L_000002192ed17f40 .part L_000002192ed17220, 8, 1;
L_000002192ed18300 .part L_000002192ed17220, 0, 8;
L_000002192ed17c20 .functor MUXZ 8, L_000002192ed18300, L_000002192f070700, L_000002192ed17f40, C4<>;
S_000002192e9b68f0 .scope module, "core2" "neural_core" 3 15, 4 1 0, S_000002192eca77d0;
 .timescale 0 0;
    .port_info 0 /INPUT 1 "clk";
    .port_info 1 /INPUT 1 "rst_n";
    .port_info 2 /INPUT 2 "mode";
    .port_info 3 /INPUT 8 "pixel_t";
    .port_info 4 /INPUT 8 "pixel_t1";
    .port_info 5 /INPUT 8 "param";
    .port_info 6 /OUTPUT 8 "pixel_out";
L_000002192f070748 .functor BUFT 1, C4<11111111>, C4<0>, C4<0>, C4<0>;
v000002192ecff480_0 .net/2u *"_ivl_0", 7 0, L_000002192f070748;  1 drivers
L_000002192f0707d8 .functor BUFT 1, C4<00000000>, C4<0>, C4<0>, C4<0>;
v000002192ecfeb20_0 .net *"_ivl_11", 7 0, L_000002192f0707d8;  1 drivers
v000002192ecfe580_0 .net *"_ivl_14", 15 0, L_000002192ed183a0;  1 drivers
L_000002192f070820 .functor BUFT 1, C4<00000000>, C4<0>, C4<0>, C4<0>;
v000002192ecfe4e0_0 .net *"_ivl_17", 7 0, L_000002192f070820;  1 drivers
v000002192ecfed00_0 .net *"_ivl_18", 15 0, L_000002192ed17a40;  1 drivers
L_000002192f070868 .functor BUFT 1, C4<00000000>, C4<0>, C4<0>, C4<0>;
v000002192ecfe800_0 .net *"_ivl_21", 7 0, L_000002192f070868;  1 drivers
L_000002192f0708b0 .functor BUFT 1, C4<0000000010000000>, C4<0>, C4<0>, C4<0>;
v000002192ecffd40_0 .net/2u *"_ivl_26", 15 0, L_000002192f0708b0;  1 drivers
v000002192ecfe940_0 .net *"_ivl_30", 15 0, L_000002192ed184e0;  1 drivers
v000002192ecfe6c0_0 .net *"_ivl_32", 7 0, L_000002192ed17fe0;  1 drivers
L_000002192f0708f8 .functor BUFT 1, C4<00000000>, C4<0>, C4<0>, C4<0>;
v000002192ecff160_0 .net *"_ivl_34", 7 0, L_000002192f0708f8;  1 drivers
v000002192ecfef80_0 .net *"_ivl_36", 15 0, L_000002192ed18120;  1 drivers
v000002192ecff520_0 .net *"_ivl_4", 15 0, L_000002192ed168c0;  1 drivers
v000002192ecfeda0_0 .net *"_ivl_40", 7 0, L_000002192ed18440;  1 drivers
L_000002192f070940 .functor BUFT 1, C4<00000000>, C4<0>, C4<0>, C4<0>;
v000002192ecfebc0_0 .net *"_ivl_42", 7 0, L_000002192f070940;  1 drivers
L_000002192f070988 .functor BUFT 1, C4<11111111>, C4<0>, C4<0>, C4<0>;
v000002192ecff660_0 .net/2u *"_ivl_44", 7 0, L_000002192f070988;  1 drivers
v000002192ecff020_0 .net *"_ivl_48", 8 0, L_000002192ed17400;  1 drivers
L_000002192f0709d0 .functor BUFT 1, C4<0>, C4<0>, C4<0>, C4<0>;
v000002192ecff700_0 .net *"_ivl_51", 0 0, L_000002192f0709d0;  1 drivers
v000002192ecff7a0_0 .net *"_ivl_52", 8 0, L_000002192ed18260;  1 drivers
L_000002192f070a18 .functor BUFT 1, C4<0>, C4<0>, C4<0>, C4<0>;
v000002192ecffa20_0 .net *"_ivl_55", 0 0, L_000002192f070a18;  1 drivers
v000002192ecffac0_0 .net *"_ivl_59", 0 0, L_000002192ed16780;  1 drivers
L_000002192f070a60 .functor BUFT 1, C4<11111111>, C4<0>, C4<0>, C4<0>;
v000002192ecffb60_0 .net/2u *"_ivl_60", 7 0, L_000002192f070a60;  1 drivers
v000002192ed02220_0 .net *"_ivl_63", 7 0, L_000002192ed16960;  1 drivers
L_000002192f070790 .functor BUFT 1, C4<00000000>, C4<0>, C4<0>, C4<0>;
v000002192ed029a0_0 .net *"_ivl_7", 7 0, L_000002192f070790;  1 drivers
v000002192ed020e0_0 .net *"_ivl_8", 15 0, L_000002192ed172c0;  1 drivers
v000002192ed02360_0 .net "blend_res", 15 0, L_000002192ed181c0;  1 drivers
v000002192ed02680_0 .net "bright_res", 7 0, L_000002192ed16820;  1 drivers
v000002192ed01320_0 .net "bright_sum", 8 0, L_000002192ed177c0;  1 drivers
v000002192ed025e0_0 .net "clk", 0 0, v000002192ed03680_0;  alias, 1 drivers
v000002192ed013c0_0 .net "inv_mask", 7 0, L_000002192ed17ae0;  1 drivers
v000002192ed01be0_0 .net "invert_res", 7 0, L_000002192ed17900;  1 drivers
v000002192ed01780_0 .net "mode", 1 0, v000002192ed041c0_0;  alias, 1 drivers
v000002192ed01460_0 .net "param", 7 0, L_000002192ed16dc0;  1 drivers
v000002192ed01960_0 .var "pixel_out", 7 0;
v000002192ed016e0_0 .net "pixel_t", 7 0, L_000002192ed16a00;  1 drivers
v000002192ed01820_0 .net "pixel_t1", 7 0, L_000002192ed17720;  1 drivers
v000002192ed01fa0_0 .net "rst_n", 0 0, v000002192ed03ae0_0;  alias, 1 drivers
v000002192ed01aa0_0 .net "sum_blend", 15 0, L_000002192ed17b80;  1 drivers
v000002192ed01f00_0 .net "sum_rounded", 15 0, L_000002192ed16d20;  1 drivers
v000002192ed024a0_0 .net "term_a", 15 0, L_000002192ed17cc0;  1 drivers
v000002192ed02cc0_0 .net "term_b", 15 0, L_000002192ed17d60;  1 drivers
L_000002192ed17ae0 .arith/sub 8, L_000002192f070748, L_000002192ed16dc0;
L_000002192ed168c0 .concat [ 8 8 0 0], L_000002192ed16a00, L_000002192f070790;
L_000002192ed172c0 .concat [ 8 8 0 0], L_000002192ed16dc0, L_000002192f0707d8;
L_000002192ed17cc0 .arith/mult 16, L_000002192ed168c0, L_000002192ed172c0;
L_000002192ed183a0 .concat [ 8 8 0 0], L_000002192ed17720, L_000002192f070820;
L_000002192ed17a40 .concat [ 8 8 0 0], L_000002192ed17ae0, L_000002192f070868;
L_000002192ed17d60 .arith/mult 16, L_000002192ed183a0, L_000002192ed17a40;
L_000002192ed17b80 .arith/sum 16, L_000002192ed17cc0, L_000002192ed17d60;
L_000002192ed16d20 .arith/sum 16, L_000002192ed17b80, L_000002192f0708b0;
L_000002192ed17fe0 .part L_000002192ed16d20, 8, 8;
L_000002192ed184e0 .concat [ 8 8 0 0], L_000002192ed17fe0, L_000002192f0708f8;
L_000002192ed18120 .arith/sum 16, L_000002192ed16d20, L_000002192ed184e0;
L_000002192ed18440 .part L_000002192ed18120, 8, 8;
L_000002192ed181c0 .concat [ 8 8 0 0], L_000002192ed18440, L_000002192f070940;
L_000002192ed17900 .arith/sub 8, L_000002192f070988, L_000002192ed16a00;
L_000002192ed17400 .concat [ 8 1 0 0], L_000002192ed16a00, L_000002192f0709d0;
L_000002192ed18260 .concat [ 8 1 0 0], L_000002192ed16dc0, L_000002192f070a18;
L_000002192ed177c0 .arith/sum 9, L_000002192ed17400, L_000002192ed18260;
L_000002192ed16780 .part L_000002192ed177c0, 8, 1;
L_000002192ed16960 .part L_000002192ed177c0, 0, 8;
L_000002192ed16820 .functor MUXZ 8, L_000002192ed16960, L_000002192f070a60, L_000002192ed16780, C4<>;
S_000002192e9b6a80 .scope module, "core3" "neural_core" 3 17, 4 1 0, S_000002192eca77d0;
 .timescale 0 0;
    .port_info 0 /INPUT 1 "clk";
    .port_info 1 /INPUT 1 "rst_n";
    .port_info 2 /INPUT 2 "mode";
    .port_info 3 /INPUT 8 "pixel_t";
    .port_info 4 /INPUT 8 "pixel_t1";
    .port_info 5 /INPUT 8 "param";
    .port_info 6 /OUTPUT 8 "pixel_out";
L_000002192f070aa8 .functor BUFT 1, C4<11111111>, C4<0>, C4<0>, C4<0>;
v000002192ed02b80_0 .net/2u *"_ivl_0", 7 0, L_000002192f070aa8;  1 drivers
L_000002192f070b38 .functor BUFT 1, C4<00000000>, C4<0>, C4<0>, C4<0>;
v000002192ed02fe0_0 .net *"_ivl_11", 7 0, L_000002192f070b38;  1 drivers
v000002192ed02720_0 .net *"_ivl_14", 15 0, L_000002192ed17180;  1 drivers
L_000002192f070b80 .functor BUFT 1, C4<00000000>, C4<0>, C4<0>, C4<0>;
v000002192ed03120_0 .net *"_ivl_17", 7 0, L_000002192f070b80;  1 drivers
v000002192ed02c20_0 .net *"_ivl_18", 15 0, L_000002192ed1ac90;  1 drivers
L_000002192f070bc8 .functor BUFT 1, C4<00000000>, C4<0>, C4<0>, C4<0>;
v000002192ed02400_0 .net *"_ivl_21", 7 0, L_000002192f070bc8;  1 drivers
L_000002192f070c10 .functor BUFT 1, C4<0000000010000000>, C4<0>, C4<0>, C4<0>;
v000002192ed015a0_0 .net/2u *"_ivl_26", 15 0, L_000002192f070c10;  1 drivers
v000002192ed02540_0 .net *"_ivl_30", 15 0, L_000002192ed1a3d0;  1 drivers
v000002192ed02a40_0 .net *"_ivl_32", 7 0, L_000002192ed1abf0;  1 drivers
L_000002192f070c58 .functor BUFT 1, C4<00000000>, C4<0>, C4<0>, C4<0>;
v000002192ed027c0_0 .net *"_ivl_34", 7 0, L_000002192f070c58;  1 drivers
v000002192ed02d60_0 .net *"_ivl_36", 15 0, L_000002192ed19ed0;  1 drivers
v000002192ed01c80_0 .net *"_ivl_4", 15 0, L_000002192ed16fa0;  1 drivers
v000002192ed02860_0 .net *"_ivl_40", 7 0, L_000002192ed1a790;  1 drivers
L_000002192f070ca0 .functor BUFT 1, C4<00000000>, C4<0>, C4<0>, C4<0>;
v000002192ed02900_0 .net *"_ivl_42", 7 0, L_000002192f070ca0;  1 drivers
L_000002192f070ce8 .functor BUFT 1, C4<11111111>, C4<0>, C4<0>, C4<0>;
v000002192ed02e00_0 .net/2u *"_ivl_44", 7 0, L_000002192f070ce8;  1 drivers
v000002192ed022c0_0 .net *"_ivl_48", 8 0, L_000002192ed1b550;  1 drivers
L_000002192f070d30 .functor BUFT 1, C4<0>, C4<0>, C4<0>, C4<0>;
v000002192ed02ae0_0 .net *"_ivl_51", 0 0, L_000002192f070d30;  1 drivers
v000002192ed02040_0 .net *"_ivl_52", 8 0, L_000002192ed1b730;  1 drivers
L_000002192f070d78 .functor BUFT 1, C4<0>, C4<0>, C4<0>, C4<0>;
v000002192ed031c0_0 .net *"_ivl_55", 0 0, L_000002192f070d78;  1 drivers
v000002192ed01b40_0 .net *"_ivl_59", 0 0, L_000002192ed19bb0;  1 drivers
L_000002192f070dc0 .functor BUFT 1, C4<11111111>, C4<0>, C4<0>, C4<0>;
v000002192ed02ea0_0 .net/2u *"_ivl_60", 7 0, L_000002192f070dc0;  1 drivers
v000002192ed02f40_0 .net *"_ivl_63", 7 0, L_000002192ed1b7d0;  1 drivers
L_000002192f070af0 .functor BUFT 1, C4<00000000>, C4<0>, C4<0>, C4<0>;
v000002192ed02180_0 .net *"_ivl_7", 7 0, L_000002192f070af0;  1 drivers
v000002192ed03080_0 .net *"_ivl_8", 15 0, L_000002192ed17040;  1 drivers
v000002192ed01500_0 .net "blend_res", 15 0, L_000002192ed1a470;  1 drivers
v000002192ed01640_0 .net "bright_res", 7 0, L_000002192ed19f70;  1 drivers
v000002192ed018c0_0 .net "bright_sum", 8 0, L_000002192ed1a650;  1 drivers
v000002192ed01a00_0 .net "clk", 0 0, v000002192ed03680_0;  alias, 1 drivers
v000002192ed01d20_0 .net "inv_mask", 7 0, L_000002192ed16e60;  1 drivers
v000002192ed01dc0_0 .net "invert_res", 7 0, L_000002192ed1b690;  1 drivers
v000002192ed01e60_0 .net "mode", 1 0, v000002192ed041c0_0;  alias, 1 drivers
v000002192ed03d60_0 .net "param", 7 0, L_000002192ed1a1f0;  1 drivers
v000002192ed05200_0 .var "pixel_out", 7 0;
v000002192ed04ee0_0 .net "pixel_t", 7 0, L_000002192ed1af10;  1 drivers
v000002192ed04300_0 .net "pixel_t1", 7 0, L_000002192ed1ab50;  1 drivers
v000002192ed04080_0 .net "rst_n", 0 0, v000002192ed03ae0_0;  alias, 1 drivers
v000002192ed04120_0 .net "sum_blend", 15 0, L_000002192ed1add0;  1 drivers
v000002192ed03b80_0 .net "sum_rounded", 15 0, L_000002192ed1afb0;  1 drivers
v000002192ed03cc0_0 .net "term_a", 15 0, L_000002192ed170e0;  1 drivers
v000002192ed04940_0 .net "term_b", 15 0, L_000002192ed1a970;  1 drivers
L_000002192ed16e60 .arith/sub 8, L_000002192f070aa8, L_000002192ed1a1f0;
L_000002192ed16fa0 .concat [ 8 8 0 0], L_000002192ed1af10, L_000002192f070af0;
L_000002192ed17040 .concat [ 8 8 0 0], L_000002192ed1a1f0, L_000002192f070b38;
L_000002192ed170e0 .arith/mult 16, L_000002192ed16fa0, L_000002192ed17040;
L_000002192ed17180 .concat [ 8 8 0 0], L_000002192ed1ab50, L_000002192f070b80;
L_000002192ed1ac90 .concat [ 8 8 0 0], L_000002192ed16e60, L_000002192f070bc8;
L_000002192ed1a970 .arith/mult 16, L_000002192ed17180, L_000002192ed1ac90;
L_000002192ed1add0 .arith/sum 16, L_000002192ed170e0, L_000002192ed1a970;
L_000002192ed1afb0 .arith/sum 16, L_000002192ed1add0, L_000002192f070c10;
L_000002192ed1abf0 .part L_000002192ed1afb0, 8, 8;
L_000002192ed1a3d0 .concat [ 8 8 0 0], L_000002192ed1abf0, L_000002192f070c58;
L_000002192ed19ed0 .arith/sum 16, L_000002192ed1afb0, L_000002192ed1a3d0;
L_000002192ed1a790 .part L_000002192ed19ed0, 8, 8;
L_000002192ed1a470 .concat [ 8 8 0 0], L_000002192ed1a790, L_000002192f070ca0;
L_000002192ed1b690 .arith/sub 8, L_000002192f070ce8, L_000002192ed1af10;
L_000002192ed1b550 .concat [ 8 1 0 0], L_000002192ed1af10, L_000002192f070d30;
L_000002192ed1b730 .concat [ 8 1 0 0], L_000002192ed1a1f0, L_000002192f070d78;
L_000002192ed1a650 .arith/sum 9, L_000002192ed1b550, L_000002192ed1b730;
L_000002192ed19bb0 .part L_000002192ed1a650, 8, 1;
L_000002192ed1b7d0 .part L_000002192ed1a650, 0, 8;
L_000002192ed19f70 .functor MUXZ 8, L_000002192ed1b7d0, L_000002192f070dc0, L_000002192ed19bb0, C4<>;
    .scope S_000002192ec80f80;
T_0 ;
    %wait E_000002192eca94d0;
    %load/vec4 v000002192eca4880_0;
    %nor/r;
    %flag_set/vec4 8;
    %jmp/0xz  T_0.0, 8;
    %pushi/vec4 0, 0, 8;
    %assign/vec4 v000002192eca5500_0, 0;
    %jmp T_0.1;
T_0.0 ;
    %load/vec4 v000002192eca4380_0;
    %dup/vec4;
    %pushi/vec4 0, 0, 2;
    %cmp/u;
    %jmp/1 T_0.2, 6;
    %dup/vec4;
    %pushi/vec4 1, 0, 2;
    %cmp/u;
    %jmp/1 T_0.3, 6;
    %dup/vec4;
    %pushi/vec4 2, 0, 2;
    %cmp/u;
    %jmp/1 T_0.4, 6;
    %load/vec4 v000002192eca55a0_0;
    %assign/vec4 v000002192eca5500_0, 0;
    %jmp T_0.6;
T_0.2 ;
    %load/vec4 v000002192eca3e80_0;
    %parti/s 8, 0, 2;
    %assign/vec4 v000002192eca5500_0, 0;
    %jmp T_0.6;
T_0.3 ;
    %load/vec4 v000002192eca5460_0;
    %assign/vec4 v000002192eca5500_0, 0;
    %jmp T_0.6;
T_0.4 ;
    %load/vec4 v000002192eca3980_0;
    %assign/vec4 v000002192eca5500_0, 0;
    %jmp T_0.6;
T_0.6 ;
    %pop/vec4 1;
T_0.1 ;
    %jmp T_0;
    .thread T_0;
    .scope S_000002192e9b6760;
T_1 ;
    %wait E_000002192eca94d0;
    %load/vec4 v000002192ecfea80_0;
    %nor/r;
    %flag_set/vec4 8;
    %jmp/0xz  T_1.0, 8;
    %pushi/vec4 0, 0, 8;
    %assign/vec4 v000002192ecff3e0_0, 0;
    %jmp T_1.1;
T_1.0 ;
    %load/vec4 v000002192ed00060_0;
    %dup/vec4;
    %pushi/vec4 0, 0, 2;
    %cmp/u;
    %jmp/1 T_1.2, 6;
    %dup/vec4;
    %pushi/vec4 1, 0, 2;
    %cmp/u;
    %jmp/1 T_1.3, 6;
    %dup/vec4;
    %pushi/vec4 2, 0, 2;
    %cmp/u;
    %jmp/1 T_1.4, 6;
    %load/vec4 v000002192ecfe620_0;
    %assign/vec4 v000002192ecff3e0_0, 0;
    %jmp T_1.6;
T_1.2 ;
    %load/vec4 v000002192ecfee40_0;
    %parti/s 8, 0, 2;
    %assign/vec4 v000002192ecff3e0_0, 0;
    %jmp T_1.6;
T_1.3 ;
    %load/vec4 v000002192ecff340_0;
    %assign/vec4 v000002192ecff3e0_0, 0;
    %jmp T_1.6;
T_1.4 ;
    %load/vec4 v000002192ecfffc0_0;
    %assign/vec4 v000002192ecff3e0_0, 0;
    %jmp T_1.6;
T_1.6 ;
    %pop/vec4 1;
T_1.1 ;
    %jmp T_1;
    .thread T_1;
    .scope S_000002192e9b68f0;
T_2 ;
    %wait E_000002192eca94d0;
    %load/vec4 v000002192ed01fa0_0;
    %nor/r;
    %flag_set/vec4 8;
    %jmp/0xz  T_2.0, 8;
    %pushi/vec4 0, 0, 8;
    %assign/vec4 v000002192ed01960_0, 0;
    %jmp T_2.1;
T_2.0 ;
    %load/vec4 v000002192ed01780_0;
    %dup/vec4;
    %pushi/vec4 0, 0, 2;
    %cmp/u;
    %jmp/1 T_2.2, 6;
    %dup/vec4;
    %pushi/vec4 1, 0, 2;
    %cmp/u;
    %jmp/1 T_2.3, 6;
    %dup/vec4;
    %pushi/vec4 2, 0, 2;
    %cmp/u;
    %jmp/1 T_2.4, 6;
    %load/vec4 v000002192ed016e0_0;
    %assign/vec4 v000002192ed01960_0, 0;
    %jmp T_2.6;
T_2.2 ;
    %load/vec4 v000002192ed02360_0;
    %parti/s 8, 0, 2;
    %assign/vec4 v000002192ed01960_0, 0;
    %jmp T_2.6;
T_2.3 ;
    %load/vec4 v000002192ed01be0_0;
    %assign/vec4 v000002192ed01960_0, 0;
    %jmp T_2.6;
T_2.4 ;
    %load/vec4 v000002192ed02680_0;
    %assign/vec4 v000002192ed01960_0, 0;
    %jmp T_2.6;
T_2.6 ;
    %pop/vec4 1;
T_2.1 ;
    %jmp T_2;
    .thread T_2;
    .scope S_000002192e9b6a80;
T_3 ;
    %wait E_000002192eca94d0;
    %load/vec4 v000002192ed04080_0;
    %nor/r;
    %flag_set/vec4 8;
    %jmp/0xz  T_3.0, 8;
    %pushi/vec4 0, 0, 8;
    %assign/vec4 v000002192ed05200_0, 0;
    %jmp T_3.1;
T_3.0 ;
    %load/vec4 v000002192ed01e60_0;
    %dup/vec4;
    %pushi/vec4 0, 0, 2;
    %cmp/u;
    %jmp/1 T_3.2, 6;
    %dup/vec4;
    %pushi/vec4 1, 0, 2;
    %cmp/u;
    %jmp/1 T_3.3, 6;
    %dup/vec4;
    %pushi/vec4 2, 0, 2;
    %cmp/u;
    %jmp/1 T_3.4, 6;
    %load/vec4 v000002192ed04ee0_0;
    %assign/vec4 v000002192ed05200_0, 0;
    %jmp T_3.6;
T_3.2 ;
    %load/vec4 v000002192ed01500_0;
    %parti/s 8, 0, 2;
    %assign/vec4 v000002192ed05200_0, 0;
    %jmp T_3.6;
T_3.3 ;
    %load/vec4 v000002192ed01dc0_0;
    %assign/vec4 v000002192ed05200_0, 0;
    %jmp T_3.6;
T_3.4 ;
    %load/vec4 v000002192ed01640_0;
    %assign/vec4 v000002192ed05200_0, 0;
    %jmp T_3.6;
T_3.6 ;
    %pop/vec4 1;
T_3.1 ;
    %jmp T_3;
    .thread T_3;
    .scope S_000002192eca6200;
T_4 ;
    %delay 10000, 0;
    %load/vec4 v000002192ed03680_0;
    %inv;
    %store/vec4 v000002192ed03680_0, 0, 1;
    %jmp T_4;
    .thread T_4;
    .scope S_000002192eca6200;
T_5 ;
    %vpi_call 2 13 "$dumpfile", "neural_simd_v2.vcd" {0 0 0};
    %vpi_call 2 13 "$dumpvars", 32'sb00000000000000000000000000000000, S_000002192eca6200 {0 0 0};
    %vpi_call 2 14 "$display", "Time | Mode |   RS1    |   Param  |    RD    | Note" {0 0 0};
    %vpi_call 2 15 "$display", "-------------------------------------------------------" {0 0 0};
    %pushi/vec4 0, 0, 1;
    %store/vec4 v000002192ed03680_0, 0, 1;
    %pushi/vec4 0, 0, 1;
    %store/vec4 v000002192ed03ae0_0, 0, 1;
    %pushi/vec4 0, 0, 2;
    %store/vec4 v000002192ed041c0_0, 0, 2;
    %pushi/vec4 0, 0, 32;
    %store/vec4 v000002192ed04580_0, 0, 32;
    %pushi/vec4 0, 0, 32;
    %store/vec4 v000002192ed03c20_0, 0, 32;
    %pushi/vec4 0, 0, 32;
    %store/vec4 v000002192ed03e00_0, 0, 32;
    %delay 20000, 0;
    %pushi/vec4 1, 0, 1;
    %store/vec4 v000002192ed03ae0_0, 0, 1;
    %delay 20000, 0;
    %pushi/vec4 0, 0, 2;
    %store/vec4 v000002192ed041c0_0, 0, 2;
    %pushi/vec4 1684300900, 0, 32;
    %store/vec4 v000002192ed04580_0, 0, 32;
    %pushi/vec4 3368601800, 0, 32;
    %store/vec4 v000002192ed03c20_0, 0, 32;
    %pushi/vec4 2155905152, 0, 32;
    %store/vec4 v000002192ed03e00_0, 0, 32;
    %delay 20000, 0;
    %pushi/vec4 1, 0, 2;
    %store/vec4 v000002192ed041c0_0, 0, 2;
    %pushi/vec4 16737480, 0, 32;
    %store/vec4 v000002192ed04580_0, 0, 32;
    %delay 20000, 0;
    %pushi/vec4 2, 0, 2;
    %store/vec4 v000002192ed041c0_0, 0, 2;
    %pushi/vec4 3368601800, 0, 32;
    %store/vec4 v000002192ed04580_0, 0, 32;
    %pushi/vec4 1678402570, 0, 32;
    %store/vec4 v000002192ed03e00_0, 0, 32;
    %delay 50000, 0;
    %vpi_call 2 30 "$finish" {0 0 0};
    %end;
    .thread T_5;
    .scope S_000002192eca6200;
T_6 ;
    %wait E_000002192eca9650;
    %load/vec4 v000002192ed03ae0_0;
    %flag_set/vec4 8;
    %jmp/0xz  T_6.0, 8;
    %delay 1000, 0;
    %vpi_call 2 33 "$display", "%4t |  %b  | %h | %h | %h | Check!", $time, v000002192ed041c0_0, v000002192ed04580_0, v000002192ed03e00_0, v000002192ed050c0_0 {0 0 0};
T_6.0 ;
    %jmp T_6;
    .thread T_6;
# The file index is used to find the file name in the following table.
:file_names 5;
    "N/A";
    "<interactive>";
    ".\Neural-Nexus\tb\tb_neural_simd.v";
    ".\Neural-Nexus\rtl\neural_simd.v";
    ".\Neural-Nexus\rtl\neural_core.v";
